2024-08-29T12:53:47.922Z [info] FUXA V.1.2.0-1832
2024-08-29T12:53:47.924Z [info] daqstorage: init successful!
2024-08-29T12:53:47.955Z [info] api: init successful!
2024-08-29T12:53:47.957Z [info] plugin-installed node-opcua 2.123.0
2024-08-29T12:53:47.957Z [info] plugin-installed modbus-serial 8.0.16
2024-08-29T12:53:47.957Z [info] plugin-installed node-bacnet 0.2.4
2024-08-29T12:53:47.957Z [info] plugin-installed odbc 2.4.9
2024-08-29T12:53:47.957Z [info] runtime init plugins successful!
2024-08-29T12:53:47.958Z [info] currentstorage.connected-to _db/currentTagReadings.db database
2024-08-29T12:53:47.958Z [info] usrstorage.connected /home/caputo/FUXA/server/_appdata/users.fuxap.db database
2024-08-29T12:53:47.958Z [info] prjstorage.connected-to /home/caputo/FUXA/server/_appdata/project.fuxap.db database
2024-08-29T12:53:47.998Z [info] users.usrstorage-init successful!
2024-08-29T12:53:48.065Z [info] currentstorage init successful!
2024-08-29T12:53:48.098Z [info] users.usrstorage-set-default successful!
2024-08-29T12:53:48.099Z [info] runtime init users successful!
2024-08-29T12:53:48.183Z [info] project.prjstorage-init-successful!
2024-08-29T12:53:48.227Z [info] project.prjstorage-set-default-successful!
2024-08-29T12:53:48.227Z [info] runtime init project successful!
2024-08-29T12:53:48.228Z [info] FUXA init in  313ms.
2024-08-29T12:53:48.235Z [info] daqstorage reset!
2024-08-29T12:53:48.235Z [info] alarms check start
2024-08-29T12:53:48.235Z [info] notificator check start
2024-08-29T12:53:48.235Z [info] scripts.start-checkstatus
2024-08-29T12:53:48.236Z [info] jobs check start
2024-08-29T12:53:48.237Z [info] FUXA started!
2024-08-29T12:53:48.239Z [info] WebServer is running http://127.0.0.1:1881/
2024-08-29T12:53:49.238Z [info] alarmsstorage.connected-to /home/caputo/FUXA/server/_appdata/alarms.fuxap.db database.
2024-08-29T12:53:49.286Z [info] alarms.alarmstorage-init-successful!
2024-08-29T12:53:54.564Z [info] alarms.stop-checkstatus!
2024-08-29T12:54:27.353Z [info] FUXA V.1.2.0-1832
2024-08-29T12:54:27.354Z [info] daqstorage: init successful!
2024-08-29T12:54:27.430Z [info] api: init successful!
2024-08-29T12:54:27.432Z [info] plugin-installed node-opcua 2.123.0
2024-08-29T12:54:27.432Z [info] plugin-installed modbus-serial 8.0.16
2024-08-29T12:54:27.432Z [info] plugin-installed node-bacnet 0.2.4
2024-08-29T12:54:27.432Z [info] plugin-installed odbc 2.4.9
2024-08-29T12:54:27.432Z [info] runtime init plugins successful!
2024-08-29T12:54:27.433Z [info] currentstorage.connected-to _db/currentTagReadings.db database
2024-08-29T12:54:27.433Z [info] usrstorage.connected /home/caputo/FUXA/server/_appdata/users.fuxap.db database
2024-08-29T12:54:27.433Z [info] prjstorage.connected-to /home/caputo/FUXA/server/_appdata/project.fuxap.db database
2024-08-29T12:54:27.436Z [info] currentstorage init successful!
2024-08-29T12:54:27.437Z [info] project.prjstorage-init-successful!
2024-08-29T12:54:27.437Z [info] runtime init project successful!
2024-08-29T12:54:27.438Z [info] users.usrstorage-init successful!
2024-08-29T12:54:27.438Z [info] runtime init users successful!
2024-08-29T12:54:27.438Z [info] FUXA init in  93ms.
2024-08-29T12:54:27.441Z [info] daqstorage reset!
2024-08-29T12:54:27.442Z [info] alarms check start
2024-08-29T12:54:27.442Z [info] notificator check start
2024-08-29T12:54:27.442Z [info] scripts.start-checkstatus
2024-08-29T12:54:27.442Z [info] jobs check start
2024-08-29T12:54:27.442Z [info] FUXA started!
2024-08-29T12:54:27.444Z [info] WebServer is running http://127.0.0.1:1881/
2024-08-29T12:54:28.445Z [info] alarmsstorage.connected-to /home/caputo/FUXA/server/_appdata/alarms.fuxap.db database.
2024-08-29T12:54:28.445Z [info] alarms.alarmstorage-init-successful!
2024-08-29T12:55:31.626Z [info] alarms.stop-checkstatus!
